<?xml version="1.0" encoding="UTF-8"?>
<!-- Generated by org.testng.reporters.JUnitReportReporter -->
<testsuite hostname="CHOWDHURY-HP" name="tests.SellItemsTest" tests="1" failures="1" timestamp="4 Mar 2017 21:17:23 GMT" time="0.000" errors="0">
  <testcase name="testSellingBooks" time="0.000" classname="tests.SellItemsTest"/>
</testsuite> <!-- tests.SellItemsTest -->
