<?xml version="1.0" encoding="UTF-8"?>
<!-- Generated by org.testng.reporters.JUnitReportReporter -->
<testsuite hostname="CHOWDHURY-HP" name="tests.LoginTest" tests="1" failures="0" timestamp="4 Mar 2017 21:17:23 GMT" time="9.356" errors="0">
  <testcase name="testLogin" time="9.356" classname="tests.LoginTest"/>
</testsuite> <!-- tests.LoginTest -->
